[debug] [2018-06-24T23:45:59.424Z] ----------------------------------------------------------------------
[debug] [2018-06-24T23:45:59.426Z] Command:       /usr/local/bin/node /usr/local/bin/firebase serve
[debug] [2018-06-24T23:45:59.426Z] CLI Version:   3.18.6
[debug] [2018-06-24T23:45:59.426Z] Platform:      darwin
[debug] [2018-06-24T23:45:59.426Z] Node Version:  v8.11.2
[debug] [2018-06-24T23:45:59.426Z] Time:          Mon Jun 25 2018 01:45:59 GMT+0200 (CEST)
[debug] [2018-06-24T23:45:59.426Z] ----------------------------------------------------------------------
[debug] 
[debug] [2018-06-24T23:45:59.434Z] > command requires scopes: ["email","openid","https://www.googleapis.com/auth/cloudplatformprojects.readonly","https://www.googleapis.com/auth/firebase","https://www.googleapis.com/auth/cloud-platform"]
[debug] [2018-06-24T23:45:59.434Z] > authorizing via signed-in user
[debug] [2018-06-24T23:45:59.436Z] >>> HTTP REQUEST GET https://admin.firebase.com/v1/projects/myfirstapp-withfirebase  
  
 Mon Jun 25 2018 01:45:59 GMT+0200 (CEST)
[debug] [2018-06-24T23:46:00.386Z] <<< HTTP RESPONSE 200
[debug] [2018-06-24T23:46:00.387Z] >>> HTTP REQUEST GET https://admin.firebase.com/v1/database/myfirstapp-withfirebase/tokens  
  
 Mon Jun 25 2018 01:46:00 GMT+0200 (CEST)
[debug] [2018-06-24T23:46:01.273Z] <<< HTTP RESPONSE 200
[debug] [2018-06-24T23:46:01.274Z] >>> HTTP REQUEST GET https://cloudresourcemanager.googleapis.com/v1/projects/myfirstapp-withfirebase  
  
 Mon Jun 25 2018 01:46:01 GMT+0200 (CEST)
[debug] [2018-06-24T23:46:02.060Z] <<< HTTP RESPONSE 200
[info] 
[info] === Serving from '/Users/gloriafercu/Documents/KAIROS/Proyectos-Kairos/MyFirstApp-withFirebase'...
[info] 
[info] i  functions: Preparing to emulate functions.
[debug] [2018-06-24T23:46:02.431Z] Fetching environment
[debug] [2018-06-24T23:46:02.433Z] >>> HTTP REQUEST GET https://mobilesdk-pa.googleapis.com/v1/projects/865742242873:getServerAppConfig  
  
 Mon Jun 25 2018 01:46:02 GMT+0200 (CEST)
[debug] [2018-06-24T23:46:02.433Z] >>> HTTP REQUEST GET https://mobilesdk-pa.googleapis.com/v1/projects/865742242873/clients/_:getWebAppConfig  
  
 Mon Jun 25 2018 01:46:02 GMT+0200 (CEST)
[debug] [2018-06-24T23:46:03.017Z] <<< HTTP RESPONSE 200
[debug] [2018-06-24T23:46:03.028Z] <<< HTTP RESPONSE 200
[debug] [2018-06-24T23:46:03.028Z] Starting @google-cloud/functions-emulator
[info] i  hosting: Serving hosting files from: public
[info] ✔  hosting: Local server: http://localhost:5000

[debug] [2018-06-24T23:46:04.065Z] Parsing function triggers
[info] i  functions: No HTTPS functions found. Use firebase functions:shell if you would like to emulate other types of functions.
